<?xml version="1.0" encoding="UTF-8"?>
<!-- Generated by org.testng.reporters.JUnitReportReporter -->
<testsuite hostname="Abhishek" failures="0" tests="3" name="com.php.qa.testcases.Scenario_4_5_6_Test" time="30.060" errors="0" timestamp="28 Feb 2022 19:00:15 GMT" skipped="0">
  <testcase classname="com.php.qa.testcases.Scenario_4_5_6_Test" name="countSearchResult" time="11.014"/>
  <testcase classname="com.php.qa.testcases.Scenario_4_5_6_Test" name="sortHotelNameWithResult" time="1.869"/>
  <testcase classname="com.php.qa.testcases.Scenario_4_5_6_Test" name="sliderFunctionality" time="17.177"/>
</testsuite> <!-- com.php.qa.testcases.Scenario_4_5_6_Test -->
