<?xml version="1.0" encoding="UTF-8"?>
<!-- Generated by org.testng.reporters.JUnitReportReporter -->
<testsuite hostname="Abhishek" failures="0" tests="1" name="com.php.qa.testcases.ValidateSearchResultCountTest" time="10.650" errors="0" timestamp="28 Feb 2022 16:42:31 GMT" skipped="0">
  <testcase classname="com.php.qa.testcases.ValidateSearchResultCountTest" name="countSearchResult" time="10.650"/>
</testsuite> <!-- com.php.qa.testcases.ValidateSearchResultCountTest -->
