<?xml version="1.0" encoding="UTF-8"?>
<!-- Generated by org.testng.reporters.JUnitReportReporter -->
<testsuite hostname="Abhishek" failures="0" tests="2" name="com.php.qa.testcases.Scenario_7_Test" time="14.172" errors="0" timestamp="01 Mar 2022 03:53:56 GMT" skipped="0">
  <testcase classname="com.php.qa.testcases.Scenario_7_Test" name="validate4StarHotel" time="13.132"/>
  <testcase classname="com.php.qa.testcases.Scenario_7_Test" name="validateHotelNameAndPrice" time="1.040"/>
</testsuite> <!-- com.php.qa.testcases.Scenario_7_Test -->
