<?xml version="1.0" encoding="UTF-8"?>
<!-- Generated by org.testng.reporters.JUnitReportReporter -->
<testsuite hostname="Abhishek" failures="0" tests="2" name="com.php.qa.testcases.Scenario_7_Test" time="15.666" errors="0" timestamp="28 Feb 2022 18:59:10 GMT" skipped="0">
  <testcase classname="com.php.qa.testcases.Scenario_7_Test" name="validate4StarHotel" time="14.649"/>
  <testcase classname="com.php.qa.testcases.Scenario_7_Test" name="validateHotelNameAndPrice" time="1.017"/>
</testsuite> <!-- com.php.qa.testcases.Scenario_7_Test -->
