<?xml version="1.0" encoding="UTF-8"?>
<!-- Generated by org.testng.reporters.JUnitReportReporter -->
<testsuite hostname="Abhishek" failures="0" tests="2" name="com.php.qa.testcases.Scenario_7Test" time="19.098" errors="0" timestamp="28 Feb 2022 16:58:18 GMT" skipped="0">
  <testcase classname="com.php.qa.testcases.Scenario_7Test" name="validateHotelNameAndPrice" time="1.206"/>
  <testcase classname="com.php.qa.testcases.Scenario_7Test" name="validate4StarHotel" time="17.892"/>
</testsuite> <!-- com.php.qa.testcases.Scenario_7Test -->
