<?xml version="1.0" encoding="UTF-8"?>
<!-- Generated by org.testng.reporters.JUnitReportReporter -->
<testsuite hostname="Abhishek" failures="0" tests="1" name="com.php.qa.testcases.LoginPageTest" time="3.492" errors="0" timestamp="27 Feb 2022 09:29:19 GMT" skipped="0">
  <testcase classname="com.php.qa.testcases.LoginPageTest" name="test1" time="3.492"/>
</testsuite> <!-- com.php.qa.testcases.LoginPageTest -->
