<?xml version="1.0" encoding="UTF-8"?>
<!-- Generated by org.testng.reporters.JUnitReportReporter -->
<testsuite hostname="Abhishek" failures="0" tests="5" name="com.upoint.qa.testcases.LoginPageTest" time="8.884" errors="0" timestamp="01 Feb 2022 09:41:12 GMT" skipped="0">
  <testcase classname="com.upoint.qa.testcases.LoginPageTest" name="loginPageTitleTest" time="0.024"/>
  <testcase classname="com.upoint.qa.testcases.LoginPageTest" name="verifyLogo" time="0.003"/>
  <testcase classname="com.upoint.qa.testcases.LoginPageTest" name="signIn" time="1.667"/>
  <testcase classname="com.upoint.qa.testcases.LoginPageTest" name="enterCredentials" time="1.495"/>
  <testcase classname="com.upoint.qa.testcases.LoginPageTest" name="logOut" time="5.695"/>
</testsuite> <!-- com.upoint.qa.testcases.LoginPageTest -->
