<?xml version="1.0" encoding="UTF-8"?>
<!-- Generated by org.testng.reporters.JUnitReportReporter -->
<testsuite hostname="Abhishek" failures="0" tests="3" name="com.php.qa.testcases.Scenario_4_5_6Test" time="28.320" errors="0" timestamp="28 Feb 2022 16:50:58 GMT" skipped="0">
  <testcase classname="com.php.qa.testcases.Scenario_4_5_6Test" name="countSearchResult" time="9.775"/>
  <testcase classname="com.php.qa.testcases.Scenario_4_5_6Test" name="sortHotelNameWithResult" time="1.448"/>
  <testcase classname="com.php.qa.testcases.Scenario_4_5_6Test" name="sliderFunctionality" time="17.097"/>
</testsuite> <!-- com.php.qa.testcases.Scenario_4_5_6Test -->
