<?xml version="1.0" encoding="UTF-8"?>
<!-- Generated by org.testng.reporters.JUnitReportReporter -->
<testsuite hostname="Abhishek" failures="0" tests="2" name="com.php.qa.testcases.Validate4StarHotelNameAndPriceTest" time="15.972" errors="0" timestamp="28 Feb 2022 16:23:18 GMT" skipped="0">
  <testcase classname="com.php.qa.testcases.Validate4StarHotelNameAndPriceTest" name="validateHotelNameAndPrice" time="1.266"/>
  <testcase classname="com.php.qa.testcases.Validate4StarHotelNameAndPriceTest" name="validate4StarHotel" time="14.706"/>
</testsuite> <!-- com.php.qa.testcases.Validate4StarHotelNameAndPriceTest -->
